========================================================================
v6/04_optimize_lbfgs_ensemble.py — Adam warm-start + L-BFGS ensemble
========================================================================
device       : cuda
init schemes : ('grid', 'center')
chains (K)   : 15  (init σ=1000.0 m)
Adam epochs  : 5000  (primaries/step=256)
L-BFGS       : max_iter=1500  batch=512
[load] 700 primaries
[load] fnn_electron.pt  model=deepsets  epoch=101  val=0.36448249220848083
[load] fnn_muon.pt  model=deepsets  epoch=101  val=0.3722887635231018
[load] recon.pt  epoch=301  val=0.6832345128059387

========================================================================
init scheme: grid
========================================================================

[perturb→adam] scheme=grid  chain 1/15
[adam] init grid  N in [-2497.5, 2474.5]  Up in [2377.5, 3898.4]
  [adam    1/5000] U=+31.989
  [adam  100/5000] U=+44.377
  [adam  200/5000] U=+53.738
  [adam  300/5000] U=+62.910
  [adam  400/5000] U=+62.972
  [adam  500/5000] U=+68.919
  [adam  600/5000] U=+75.180
  [adam  700/5000] U=+68.385
  [adam  800/5000] U=+69.730
  [adam  900/5000] U=+78.911
  [adam 1000/5000] U=+70.049
  [adam 1100/5000] U=+76.091
  [adam 1200/5000] U=+90.343
  [adam 1300/5000] U=+75.751
  [adam 1400/5000] U=+86.591
  [adam 1500/5000] U=+75.419
  [adam 1600/5000] U=+91.142
  [adam 1700/5000] U=+87.774
  [adam 1800/5000] U=+92.272
  [adam 1900/5000] U=+88.047
  [adam 2000/5000] U=+83.817
  [adam 2100/5000] U=+92.352
  [adam 2200/5000] U=+90.237
  [adam 2300/5000] U=+93.422
  [adam 2400/5000] U=+90.257
  [adam 2500/5000] U=+95.959
  [adam 2600/5000] U=+89.124
  [adam 2700/5000] U=+95.293
  [adam 2800/5000] U=+91.106
  [adam 2900/5000] U=+95.391
  [adam 3000/5000] U=+86.337
  [adam 3100/5000] U=+91.065
  [adam 3200/5000] U=+90.886
  [adam 3300/5000] U=+107.041
  [adam 3400/5000] U=+94.680
  [adam 3500/5000] U=+93.099
  [adam 3600/5000] U=+87.243
  [adam 3700/5000] U=+95.325
  [adam 3800/5000] U=+97.785
  [adam 3900/5000] U=+92.410
  [adam 4000/5000] U=+73.641
  [adam 4100/5000] U=+97.800
  [adam 4200/5000] U=+97.913
  [adam 4300/5000] U=+79.676
  [adam 4400/5000] U=+99.989
  [adam 4500/5000] U=+105.007
  [adam 4600/5000] U=+101.351
  [adam 4700/5000] U=+96.294
  [adam 4800/5000] U=+97.528
  [adam 4900/5000] U=+95.540
  [adam 5000/5000] U=+93.926
[adam] best U=+109.948

[perturb→adam] scheme=grid  chain 2/15
[adam] init grid  N in [-2472.0, 2501.7]  Up in [2370.4, 3883.4]
  [adam    1/5000] U=+41.129
  [adam  100/5000] U=+52.485
  [adam  200/5000] U=+61.852
  [adam  300/5000] U=+69.396
  [adam  400/5000] U=+79.940
  [adam  500/5000] U=+81.946
  [adam  600/5000] U=+89.348
  [adam  700/5000] U=+82.823
  [adam  800/5000] U=+76.878
  [adam  900/5000] U=+90.585
  [adam 1000/5000] U=+84.145
  [adam 1100/5000] U=+90.575
  [adam 1200/5000] U=+79.597
  [adam 1300/5000] U=+86.460
  [adam 1400/5000] U=+74.701
  [adam 1500/5000] U=+88.428
  [adam 1600/5000] U=+92.058
  [adam 1700/5000] U=+80.530
  [adam 1800/5000] U=+87.186
  [adam 1900/5000] U=+87.691
  [adam 2000/5000] U=+93.585
  [adam 2100/5000] U=+84.131
  [adam 2200/5000] U=+82.663
  [adam 2300/5000] U=+86.384
  [adam 2400/5000] U=+88.699
  [adam 2500/5000] U=+91.473
  [adam 2600/5000] U=+92.167
  [adam 2700/5000] U=+98.916
  [adam 2800/5000] U=+90.904
  [adam 2900/5000] U=+97.119
  [adam 3000/5000] U=+95.963
  [adam 3100/5000] U=+93.616
  [adam 3200/5000] U=+93.558
  [adam 3300/5000] U=+86.517
  [adam 3400/5000] U=+97.914
  [adam 3500/5000] U=+106.701
  [adam 3600/5000] U=+94.863
  [adam 3700/5000] U=+94.004
  [adam 3800/5000] U=+89.441
  [adam 3900/5000] U=+99.120
  [adam 4000/5000] U=+91.692
  [adam 4100/5000] U=+96.655
  [adam 4200/5000] U=+99.557
  [adam 4300/5000] U=+94.533
  [adam 4400/5000] U=+93.803
  [adam 4500/5000] U=+101.258
  [adam 4600/5000] U=+88.301
  [adam 4700/5000] U=+97.248
  [adam 4800/5000] U=+91.677
  [adam 4900/5000] U=+91.581
  [adam 5000/5000] U=+98.401
[adam] best U=+111.780

[perturb→adam] scheme=grid  chain 3/15
[adam] init grid  N in [-2497.3, 2474.5]  Up in [2416.7, 3885.8]
  [adam    1/5000] U=+19.576
  [adam  100/5000] U=+39.009
  [adam  200/5000] U=+48.562
  [adam  300/5000] U=+41.538
  [adam  400/5000] U=+49.076
  [adam  500/5000] U=+55.746
  [adam  600/5000] U=+55.526
  [adam  700/5000] U=+55.212
  [adam  800/5000] U=+55.334
  [adam  900/5000] U=+58.172
  [adam 1000/5000] U=+65.555
  [adam 1100/5000] U=+62.861
  [adam 1200/5000] U=+60.415
  [adam 1300/5000] U=+70.862
  [adam 1400/5000] U=+73.893
  [adam 1500/5000] U=+65.881
  [adam 1600/5000] U=+78.111
  [adam 1700/5000] U=+67.509
  [adam 1800/5000] U=+70.077
  [adam 1900/5000] U=+75.687
  [adam 2000/5000] U=+71.387
  [adam 2100/5000] U=+80.906
  [adam 2200/5000] U=+75.213
  [adam 2300/5000] U=+71.921
  [adam 2400/5000] U=+75.232
  [adam 2500/5000] U=+76.151
  [adam 2600/5000] U=+76.782
  [adam 2700/5000] U=+78.156
  [adam 2800/5000] U=+81.224
  [adam 2900/5000] U=+82.322
  [adam 3000/5000] U=+82.738
  [adam 3100/5000] U=+80.922
  [adam 3200/5000] U=+81.803
  [adam 3300/5000] U=+86.435
  [adam 3400/5000] U=+87.943
  [adam 3500/5000] U=+86.084
  [adam 3600/5000] U=+85.122
  [adam 3700/5000] U=+88.845
  [adam 3800/5000] U=+89.858
  [adam 3900/5000] U=+92.065
  [adam 4000/5000] U=+94.610
  [adam 4100/5000] U=+84.431
  [adam 4200/5000] U=+89.341
  [adam 4300/5000] U=+92.929
  [adam 4400/5000] U=+99.358
  [adam 4500/5000] U=+87.241
  [adam 4600/5000] U=+87.528
  [adam 4700/5000] U=+90.590
  [adam 4800/5000] U=+91.286
  [adam 4900/5000] U=+90.189
  [adam 5000/5000] U=+82.316
[adam] best U=+101.722

[perturb→adam] scheme=grid  chain 4/15
[adam] init grid  N in [-2497.3, 2474.5]  Up in [2442.4, 3928.3]
  [adam    1/5000] U=+34.387
  [adam  100/5000] U=+56.272
  [adam  200/5000] U=+61.201
  [adam  300/5000] U=+58.888
  [adam  400/5000] U=+62.607
  [adam  500/5000] U=+62.415
  [adam  600/5000] U=+66.334
  [adam  700/5000] U=+71.689
  [adam  800/5000] U=+74.527
  [adam  900/5000] U=+61.812
  [adam 1000/5000] U=+69.836
  [adam 1100/5000] U=+75.822
  [adam 1200/5000] U=+73.641
  [adam 1300/5000] U=+73.899
  [adam 1400/5000] U=+71.514
  [adam 1500/5000] U=+69.062
  [adam 1600/5000] U=+74.252
  [adam 1700/5000] U=+73.258
  [adam 1800/5000] U=+68.793
  [adam 1900/5000] U=+78.339
  [adam 2000/5000] U=+78.186
  [adam 2100/5000] U=+80.461
  [adam 2200/5000] U=+77.390
  [adam 2300/5000] U=+80.504
  [adam 2400/5000] U=+78.661
  [adam 2500/5000] U=+77.985
  [adam 2600/5000] U=+85.443
  [adam 2700/5000] U=+75.235
  [adam 2800/5000] U=+77.290
  [adam 2900/5000] U=+80.276
  [adam 3000/5000] U=+76.531
  [adam 3100/5000] U=+83.170
  [adam 3200/5000] U=+78.178
  [adam 3300/5000] U=+72.076
  [adam 3400/5000] U=+80.455
  [adam 3500/5000] U=+82.472
  [adam 3600/5000] U=+75.086
  [adam 3700/5000] U=+83.001
  [adam 3800/5000] U=+85.075
  [adam 3900/5000] U=+79.639
  [adam 4000/5000] U=+78.262
  [adam 4100/5000] U=+80.216
  [adam 4200/5000] U=+82.819
  [adam 4300/5000] U=+80.074
  [adam 4400/5000] U=+77.902
  [adam 4500/5000] U=+79.494
  [adam 4600/5000] U=+84.723
  [adam 4700/5000] U=+87.699
  [adam 4800/5000] U=+76.280
  [adam 4900/5000] U=+83.437
  [adam 5000/5000] U=+76.129
[adam] best U=+96.275

[perturb→adam] scheme=grid  chain 5/15
[adam] init grid  N in [-2497.3, 2532.5]  Up in [2373.2, 3840.4]
  [adam    1/5000] U=+20.666
  [adam  100/5000] U=+32.226
  [adam  200/5000] U=+40.817
  [adam  300/5000] U=+36.387
  [adam  400/5000] U=+51.404
  [adam  500/5000] U=+54.958
  [adam  600/5000] U=+59.692
  [adam  700/5000] U=+59.878
  [adam  800/5000] U=+63.465
  [adam  900/5000] U=+64.432
  [adam 1000/5000] U=+64.093
  [adam 1100/5000] U=+62.155
  [adam 1200/5000] U=+61.674
  [adam 1300/5000] U=+60.108
  [adam 1400/5000] U=+73.279
  [adam 1500/5000] U=+72.518
  [adam 1600/5000] U=+78.602
  [adam 1700/5000] U=+80.420
  [adam 1800/5000] U=+76.692
  [adam 1900/5000] U=+81.043
  [adam 2000/5000] U=+82.326
  [adam 2100/5000] U=+76.795
  [adam 2200/5000] U=+82.779
  [adam 2300/5000] U=+82.854
  [adam 2400/5000] U=+70.477
  [adam 2500/5000] U=+83.850
  [adam 2600/5000] U=+83.324
  [adam 2700/5000] U=+87.691
  [adam 2800/5000] U=+87.438
  [adam 2900/5000] U=+80.903
  [adam 3000/5000] U=+87.905
  [adam 3100/5000] U=+90.801
  [adam 3200/5000] U=+89.428
  [adam 3300/5000] U=+99.470
  [adam 3400/5000] U=+85.803
  [adam 3500/5000] U=+79.507
  [adam 3600/5000] U=+96.714
  [adam 3700/5000] U=+89.522
  [adam 3800/5000] U=+94.349
  [adam 3900/5000] U=+91.111
  [adam 4000/5000] U=+101.160
  [adam 4100/5000] U=+98.389
  [adam 4200/5000] U=+91.454
  [adam 4300/5000] U=+97.862
  [adam 4400/5000] U=+96.835
  [adam 4500/5000] U=+100.813
  [adam 4600/5000] U=+91.697
  [adam 4700/5000] U=+98.844
  [adam 4800/5000] U=+86.121
  [adam 4900/5000] U=+90.631
  [adam 5000/5000] U=+103.858
[adam] best U=+110.182

[perturb→adam] scheme=grid  chain 6/15
[adam] init grid  N in [-2497.6, 2474.5]  Up in [2391.9, 3960.6]
  [adam    1/5000] U=+25.609
  [adam  100/5000] U=+36.451
  [adam  200/5000] U=+44.228
  [adam  300/5000] U=+48.502
  [adam  400/5000] U=+45.021
  [adam  500/5000] U=+43.458
  [adam  600/5000] U=+47.685
  [adam  700/5000] U=+58.468
  [adam  800/5000] U=+52.017
  [adam  900/5000] U=+54.860
  [adam 1000/5000] U=+53.836
  [adam 1100/5000] U=+58.569
  [adam 1200/5000] U=+64.122
  [adam 1300/5000] U=+61.340
  [adam 1400/5000] U=+61.268
  [adam 1500/5000] U=+66.257
  [adam 1600/5000] U=+66.443
  [adam 1700/5000] U=+65.893
  [adam 1800/5000] U=+64.948
  [adam 1900/5000] U=+70.089
  [adam 2000/5000] U=+64.698
  [adam 2100/5000] U=+71.202
  [adam 2200/5000] U=+71.778
  [adam 2300/5000] U=+76.134
  [adam 2400/5000] U=+75.046
  [adam 2500/5000] U=+72.068
  [adam 2600/5000] U=+63.458
  [adam 2700/5000] U=+76.539
  [adam 2800/5000] U=+74.392
  [adam 2900/5000] U=+67.594
  [adam 3000/5000] U=+71.335
  [adam 3100/5000] U=+71.119
  [adam 3200/5000] U=+73.179
  [adam 3300/5000] U=+67.372
  [adam 3400/5000] U=+68.291
  [adam 3500/5000] U=+69.053
  [adam 3600/5000] U=+73.525
  [adam 3700/5000] U=+71.482
  [adam 3800/5000] U=+73.678
  [adam 3900/5000] U=+75.385
  [adam 4000/5000] U=+77.388
  [adam 4100/5000] U=+66.930
  [adam 4200/5000] U=+73.602
  [adam 4300/5000] U=+70.983
  [adam 4400/5000] U=+71.685
  [adam 4500/5000] U=+70.333
  [adam 4600/5000] U=+75.324
  [adam 4700/5000] U=+70.075
  [adam 4800/5000] U=+75.410
  [adam 4900/5000] U=+69.374
  [adam 5000/5000] U=+78.508
[adam] best U=+82.599

[perturb→adam] scheme=grid  chain 7/15
[adam] init grid  N in [-2497.3, 2478.4]  Up in [2355.8, 3934.0]
  [adam    1/5000] U=+38.584
  [adam  100/5000] U=+60.647
  [adam  200/5000] U=+61.286
  [adam  300/5000] U=+72.789
  [adam  400/5000] U=+70.322
  [adam  500/5000] U=+67.579
  [adam  600/5000] U=+77.736
  [adam  700/5000] U=+70.426
  [adam  800/5000] U=+68.058
  [adam  900/5000] U=+72.330
  [adam 1000/5000] U=+76.352
  [adam 1100/5000] U=+75.212
  [adam 1200/5000] U=+79.200
  [adam 1300/5000] U=+72.660
  [adam 1400/5000] U=+67.231
  [adam 1500/5000] U=+74.395
  [adam 1600/5000] U=+77.603
  [adam 1700/5000] U=+80.171
  [adam 1800/5000] U=+79.802
  [adam 1900/5000] U=+82.795
  [adam 2000/5000] U=+84.144
  [adam 2100/5000] U=+85.577
  [adam 2200/5000] U=+75.594
  [adam 2300/5000] U=+79.199
  [adam 2400/5000] U=+94.561
  [adam 2500/5000] U=+89.217
  [adam 2600/5000] U=+87.745
  [adam 2700/5000] U=+91.532
  [adam 2800/5000] U=+76.335
  [adam 2900/5000] U=+84.664
  [adam 3000/5000] U=+92.399
  [adam 3100/5000] U=+91.731
  [adam 3200/5000] U=+87.090
  [adam 3300/5000] U=+95.030
  [adam 3400/5000] U=+84.533
  [adam 3500/5000] U=+92.070
  [adam 3600/5000] U=+80.795
  [adam 3700/5000] U=+84.091
  [adam 3800/5000] U=+82.078
  [adam 3900/5000] U=+90.006
  [adam 4000/5000] U=+91.290
  [adam 4100/5000] U=+90.665
  [adam 4200/5000] U=+89.598
  [adam 4300/5000] U=+85.197
  [adam 4400/5000] U=+100.380
  [adam 4500/5000] U=+100.990
  [adam 4600/5000] U=+91.824
  [adam 4700/5000] U=+91.412
  [adam 4800/5000] U=+86.867
  [adam 4900/5000] U=+100.156
  [adam 5000/5000] U=+85.968
[adam] best U=+107.574

[perturb→adam] scheme=grid  chain 8/15
[adam] init grid  N in [-2497.3, 2474.5]  Up in [2424.0, 3924.1]
  [adam    1/5000] U=+24.315
  [adam  100/5000] U=+36.366
  [adam  200/5000] U=+47.660
  [adam  300/5000] U=+51.440
  [adam  400/5000] U=+48.609
  [adam  500/5000] U=+53.442
  [adam  600/5000] U=+49.851
  [adam  700/5000] U=+48.379
  [adam  800/5000] U=+54.484
  [adam  900/5000] U=+56.998
  [adam 1000/5000] U=+51.675
  [adam 1100/5000] U=+50.561
  [adam 1200/5000] U=+59.143
  [adam 1300/5000] U=+55.004
  [adam 1400/5000] U=+60.422
  [adam 1500/5000] U=+56.889
  [adam 1600/5000] U=+53.982
  [adam 1700/5000] U=+54.268
  [adam 1800/5000] U=+57.741
  [adam 1900/5000] U=+58.244
  [adam 2000/5000] U=+59.645
  [adam 2100/5000] U=+57.646
  [adam 2200/5000] U=+53.034
  [adam 2300/5000] U=+59.348
  [adam 2400/5000] U=+65.220
  [adam 2500/5000] U=+63.745
  [adam 2600/5000] U=+67.605
  [adam 2700/5000] U=+67.786
  [adam 2800/5000] U=+70.240
  [adam 2900/5000] U=+65.353
  [adam 3000/5000] U=+64.156
  [adam 3100/5000] U=+64.842
  [adam 3200/5000] U=+71.980
  [adam 3300/5000] U=+70.894
  [adam 3400/5000] U=+77.281
  [adam 3500/5000] U=+61.641
  [adam 3600/5000] U=+67.789
  [adam 3700/5000] U=+71.873
  [adam 3800/5000] U=+63.919
  [adam 3900/5000] U=+66.476
  [adam 4000/5000] U=+72.306
  [adam 4100/5000] U=+73.347
  [adam 4200/5000] U=+70.005
  [adam 4300/5000] U=+70.919
  [adam 4400/5000] U=+66.583
  [adam 4500/5000] U=+65.465
  [adam 4600/5000] U=+72.263
  [adam 4700/5000] U=+73.037
  [adam 4800/5000] U=+74.625
  [adam 4900/5000] U=+71.485
  [adam 5000/5000] U=+71.202
[adam] best U=+84.349

[perturb→adam] scheme=grid  chain 9/15
[adam] init grid  N in [-2497.3, 2470.6]  Up in [2393.1, 3886.2]
  [adam    1/5000] U=+35.461
  [adam  100/5000] U=+53.384
  [adam  200/5000] U=+55.223
  [adam  300/5000] U=+60.621
  [adam  400/5000] U=+63.514
  [adam  500/5000] U=+68.062
  [adam  600/5000] U=+67.353
  [adam  700/5000] U=+69.498
  [adam  800/5000] U=+67.494
  [adam  900/5000] U=+71.101
  [adam 1000/5000] U=+73.598
  [adam 1100/5000] U=+75.735
  [adam 1200/5000] U=+76.084
  [adam 1300/5000] U=+77.648
  [adam 1400/5000] U=+76.206
  [adam 1500/5000] U=+75.634
  [adam 1600/5000] U=+73.485
  [adam 1700/5000] U=+72.463
  [adam 1800/5000] U=+87.870
  [adam 1900/5000] U=+81.906
  [adam 2000/5000] U=+74.335
  [adam 2100/5000] U=+83.278
  [adam 2200/5000] U=+83.685
  [adam 2300/5000] U=+92.671
  [adam 2400/5000] U=+89.889
  [adam 2500/5000] U=+89.061
  [adam 2600/5000] U=+90.013
  [adam 2700/5000] U=+86.268
  [adam 2800/5000] U=+96.787
  [adam 2900/5000] U=+91.738
  [adam 3000/5000] U=+91.844
  [adam 3100/5000] U=+95.244
  [adam 3200/5000] U=+99.495
  [adam 3300/5000] U=+102.509
  [adam 3400/5000] U=+89.931
  [adam 3500/5000] U=+103.620
  [adam 3600/5000] U=+87.976
  [adam 3700/5000] U=+98.307
  [adam 3800/5000] U=+98.879
  [adam 3900/5000] U=+91.716
  [adam 4000/5000] U=+92.150
  [adam 4100/5000] U=+96.129
  [adam 4200/5000] U=+103.994
  [adam 4300/5000] U=+82.108
  [adam 4400/5000] U=+93.091
  [adam 4500/5000] U=+94.700
  [adam 4600/5000] U=+92.945
  [adam 4700/5000] U=+102.192
  [adam 4800/5000] U=+102.052
  [adam 4900/5000] U=+97.618
  [adam 5000/5000] U=+97.907
[adam] best U=+112.802

[perturb→adam] scheme=grid  chain 10/15
[adam] init grid  N in [-2497.3, 2474.5]  Up in [2411.5, 3966.2]
  [adam    1/5000] U=+34.713
  [adam  100/5000] U=+42.995
  [adam  200/5000] U=+48.888
  [adam  300/5000] U=+54.146
  [adam  400/5000] U=+55.806
  [adam  500/5000] U=+65.471
  [adam  600/5000] U=+63.951
  [adam  700/5000] U=+65.164
  [adam  800/5000] U=+62.788
  [adam  900/5000] U=+68.286
  [adam 1000/5000] U=+66.477
  [adam 1100/5000] U=+64.432
  [adam 1200/5000] U=+74.238
  [adam 1300/5000] U=+65.553
  [adam 1400/5000] U=+68.851
  [adam 1500/5000] U=+68.067
  [adam 1600/5000] U=+72.819
  [adam 1700/5000] U=+75.897
  [adam 1800/5000] U=+74.134
  [adam 1900/5000] U=+71.282
  [adam 2000/5000] U=+68.291
  [adam 2100/5000] U=+75.520
  [adam 2200/5000] U=+78.006
  [adam 2300/5000] U=+77.328
  [adam 2400/5000] U=+74.538
  [adam 2500/5000] U=+81.874
  [adam 2600/5000] U=+76.312
  [adam 2700/5000] U=+76.725
  [adam 2800/5000] U=+82.629
  [adam 2900/5000] U=+74.809
  [adam 3000/5000] U=+75.701
  [adam 3100/5000] U=+81.461
  [adam 3200/5000] U=+74.411
  [adam 3300/5000] U=+76.548
  [adam 3400/5000] U=+83.928
  [adam 3500/5000] U=+80.201
  [adam 3600/5000] U=+84.410
  [adam 3700/5000] U=+80.813
  [adam 3800/5000] U=+82.648
  [adam 3900/5000] U=+80.203
  [adam 4000/5000] U=+77.198
  [adam 4100/5000] U=+82.252
  [adam 4200/5000] U=+83.435
  [adam 4300/5000] U=+81.961
  [adam 4400/5000] U=+85.138
  [adam 4500/5000] U=+79.419
  [adam 4600/5000] U=+87.281
  [adam 4700/5000] U=+80.672
  [adam 4800/5000] U=+79.966
  [adam 4900/5000] U=+82.801
  [adam 5000/5000] U=+82.700
[adam] best U=+95.394

[perturb→adam] scheme=grid  chain 11/15
[adam] init grid  N in [-2497.3, 2574.6]  Up in [2384.5, 3883.1]
  [adam    1/5000] U=+31.618
  [adam  100/5000] U=+45.180
  [adam  200/5000] U=+42.753
  [adam  300/5000] U=+59.044
  [adam  400/5000] U=+59.973
  [adam  500/5000] U=+69.552
  [adam  600/5000] U=+74.275
  [adam  700/5000] U=+70.957
  [adam  800/5000] U=+76.135
  [adam  900/5000] U=+75.296
  [adam 1000/5000] U=+71.181
  [adam 1100/5000] U=+72.680
  [adam 1200/5000] U=+76.366
  [adam 1300/5000] U=+70.821
  [adam 1400/5000] U=+77.335
  [adam 1500/5000] U=+82.604
  [adam 1600/5000] U=+79.554
  [adam 1700/5000] U=+74.317
  [adam 1800/5000] U=+85.821
  [adam 1900/5000] U=+84.816
  [adam 2000/5000] U=+83.049
  [adam 2100/5000] U=+82.159
  [adam 2200/5000] U=+78.622
  [adam 2300/5000] U=+82.682
  [adam 2400/5000] U=+87.789
  [adam 2500/5000] U=+84.283
  [adam 2600/5000] U=+84.993
  [adam 2700/5000] U=+84.400
  [adam 2800/5000] U=+88.023
  [adam 2900/5000] U=+76.021
  [adam 3000/5000] U=+87.552
  [adam 3100/5000] U=+87.069
  [adam 3200/5000] U=+90.986
  [adam 3300/5000] U=+89.682
  [adam 3400/5000] U=+95.262
  [adam 3500/5000] U=+92.938
  [adam 3600/5000] U=+95.154
  [adam 3700/5000] U=+90.048
  [adam 3800/5000] U=+93.216
  [adam 3900/5000] U=+100.683
  [adam 4000/5000] U=+94.572
  [adam 4100/5000] U=+94.070
  [adam 4200/5000] U=+87.154
  [adam 4300/5000] U=+94.701
  [adam 4400/5000] U=+100.625
  [adam 4500/5000] U=+83.540
  [adam 4600/5000] U=+94.922
  [adam 4700/5000] U=+95.632
  [adam 4800/5000] U=+97.320
  [adam 4900/5000] U=+96.223
  [adam 5000/5000] U=+103.233
[adam] best U=+112.436

[perturb→adam] scheme=grid  chain 12/15
[adam] init grid  N in [-2497.3, 2530.7]  Up in [2416.1, 3886.2]
  [adam    1/5000] U=+26.016
  [adam  100/5000] U=+45.738
  [adam  200/5000] U=+62.144
  [adam  300/5000] U=+55.435
  [adam  400/5000] U=+64.117
  [adam  500/5000] U=+63.682
  [adam  600/5000] U=+65.188
  [adam  700/5000] U=+62.432
  [adam  800/5000] U=+69.618
  [adam  900/5000] U=+71.704
  [adam 1000/5000] U=+69.349
  [adam 1100/5000] U=+65.657
  [adam 1200/5000] U=+74.155
  [adam 1300/5000] U=+73.826
  [adam 1400/5000] U=+85.668
  [adam 1500/5000] U=+68.767
  [adam 1600/5000] U=+75.830
  [adam 1700/5000] U=+72.263
  [adam 1800/5000] U=+71.181
  [adam 1900/5000] U=+73.557
  [adam 2000/5000] U=+77.325
  [adam 2100/5000] U=+77.447
  [adam 2200/5000] U=+81.357
  [adam 2300/5000] U=+83.269
  [adam 2400/5000] U=+80.457
  [adam 2500/5000] U=+78.539
  [adam 2600/5000] U=+86.351
  [adam 2700/5000] U=+76.560
  [adam 2800/5000] U=+80.364
  [adam 2900/5000] U=+75.691
  [adam 3000/5000] U=+81.420
  [adam 3100/5000] U=+88.052
  [adam 3200/5000] U=+81.450
  [adam 3300/5000] U=+79.357
  [adam 3400/5000] U=+84.541
  [adam 3500/5000] U=+86.946
  [adam 3600/5000] U=+84.136
  [adam 3700/5000] U=+88.486
  [adam 3800/5000] U=+80.473
  [adam 3900/5000] U=+88.321
  [adam 4000/5000] U=+85.594
  [adam 4100/5000] U=+89.220
  [adam 4200/5000] U=+91.129
  [adam 4300/5000] U=+92.801
  [adam 4400/5000] U=+92.609
  [adam 4500/5000] U=+87.834
  [adam 4600/5000] U=+86.154
  [adam 4700/5000] U=+85.982
  [adam 4800/5000] U=+88.310
  [adam 4900/5000] U=+92.182
  [adam 5000/5000] U=+82.004
[adam] best U=+99.107

[perturb→adam] scheme=grid  chain 13/15
[adam] init grid  N in [-2497.3, 2548.4]  Up in [2399.3, 3884.6]
  [adam    1/5000] U=+23.291
  [adam  100/5000] U=+39.630
  [adam  200/5000] U=+45.479
  [adam  300/5000] U=+50.609
  [adam  400/5000] U=+55.796
  [adam  500/5000] U=+50.243
  [adam  600/5000] U=+59.865
  [adam  700/5000] U=+63.905
  [adam  800/5000] U=+63.325
  [adam  900/5000] U=+70.069
  [adam 1000/5000] U=+71.028
  [adam 1100/5000] U=+71.786
  [adam 1200/5000] U=+83.692
  [adam 1300/5000] U=+87.069
  [adam 1400/5000] U=+91.922
  [adam 1500/5000] U=+80.696
  [adam 1600/5000] U=+77.961
  [adam 1700/5000] U=+85.515
  [adam 1800/5000] U=+83.603
  [adam 1900/5000] U=+78.866
  [adam 2000/5000] U=+85.754
  [adam 2100/5000] U=+90.291
  [adam 2200/5000] U=+84.053
  [adam 2300/5000] U=+94.607
  [adam 2400/5000] U=+91.259
  [adam 2500/5000] U=+91.689
  [adam 2600/5000] U=+89.407
  [adam 2700/5000] U=+83.157
  [adam 2800/5000] U=+82.014
  [adam 2900/5000] U=+94.490
  [adam 3000/5000] U=+87.663
  [adam 3100/5000] U=+91.892
  [adam 3200/5000] U=+84.011
  [adam 3300/5000] U=+89.481
  [adam 3400/5000] U=+90.966
  [adam 3500/5000] U=+86.472
  [adam 3600/5000] U=+91.985
  [adam 3700/5000] U=+89.173
  [adam 3800/5000] U=+83.610
  [adam 3900/5000] U=+85.390
  [adam 4000/5000] U=+90.324
  [adam 4100/5000] U=+99.690
  [adam 4200/5000] U=+86.219
  [adam 4300/5000] U=+89.711
  [adam 4400/5000] U=+93.068
  [adam 4500/5000] U=+99.600
  [adam 4600/5000] U=+99.980
  [adam 4700/5000] U=+110.935
  [adam 4800/5000] U=+104.800
  [adam 4900/5000] U=+106.139
  [adam 5000/5000] U=+102.299
[adam] best U=+119.280

[perturb→adam] scheme=grid  chain 14/15
[adam] init grid  N in [-2497.3, 2474.5]  Up in [2366.7, 3952.5]
  [adam    1/5000] U=+27.660
  [adam  100/5000] U=+43.445
  [adam  200/5000] U=+52.378
  [adam  300/5000] U=+55.519
  [adam  400/5000] U=+54.608
  [adam  500/5000] U=+54.363
  [adam  600/5000] U=+62.195
  [adam  700/5000] U=+56.850
  [adam  800/5000] U=+64.456
  [adam  900/5000] U=+73.452
  [adam 1000/5000] U=+68.464
  [adam 1100/5000] U=+72.220
  [adam 1200/5000] U=+79.813
  [adam 1300/5000] U=+79.574
  [adam 1400/5000] U=+83.581
  [adam 1500/5000] U=+81.412
  [adam 1600/5000] U=+75.267
  [adam 1700/5000] U=+81.318
  [adam 1800/5000] U=+82.679
  [adam 1900/5000] U=+76.513
  [adam 2000/5000] U=+70.895
  [adam 2100/5000] U=+82.061
  [adam 2200/5000] U=+84.377
  [adam 2300/5000] U=+81.498
  [adam 2400/5000] U=+81.055
  [adam 2500/5000] U=+88.218
  [adam 2600/5000] U=+90.974
  [adam 2700/5000] U=+85.389
  [adam 2800/5000] U=+79.623
  [adam 2900/5000] U=+86.144
  [adam 3000/5000] U=+83.079
  [adam 3100/5000] U=+86.113
  [adam 3200/5000] U=+88.013
  [adam 3300/5000] U=+83.427
  [adam 3400/5000] U=+80.838
  [adam 3500/5000] U=+95.066
  [adam 3600/5000] U=+79.179
  [adam 3700/5000] U=+93.387
  [adam 3800/5000] U=+87.780
  [adam 3900/5000] U=+74.656
  [adam 4000/5000] U=+78.694
  [adam 4100/5000] U=+85.985
  [adam 4200/5000] U=+95.457
  [adam 4300/5000] U=+90.153
  [adam 4400/5000] U=+89.294
  [adam 4500/5000] U=+81.732
  [adam 4600/5000] U=+94.241
  [adam 4700/5000] U=+76.400
  [adam 4800/5000] U=+82.790
  [adam 4900/5000] U=+92.206
  [adam 5000/5000] U=+85.845
[adam] best U=+107.079

[perturb→adam] scheme=grid  chain 15/15
[adam] init grid  N in [-2497.3, 2466.3]  Up in [2413.9, 3885.7]
  [adam    1/5000] U=+31.964
  [adam  100/5000] U=+43.409
  [adam  200/5000] U=+50.415
  [adam  300/5000] U=+58.717
  [adam  400/5000] U=+66.355
  [adam  500/5000] U=+66.474
  [adam  600/5000] U=+72.934
  [adam  700/5000] U=+69.674
  [adam  800/5000] U=+74.348
  [adam  900/5000] U=+74.671
  [adam 1000/5000] U=+77.434
  [adam 1100/5000] U=+77.153
  [adam 1200/5000] U=+70.638
  [adam 1300/5000] U=+73.504
  [adam 1400/5000] U=+72.841
  [adam 1500/5000] U=+70.903
  [adam 1600/5000] U=+70.448
  [adam 1700/5000] U=+78.636
  [adam 1800/5000] U=+74.977
  [adam 1900/5000] U=+77.280
  [adam 2000/5000] U=+77.496
  [adam 2100/5000] U=+72.958
  [adam 2200/5000] U=+70.650
  [adam 2300/5000] U=+75.208
  [adam 2400/5000] U=+70.919
  [adam 2500/5000] U=+81.220
  [adam 2600/5000] U=+74.648
  [adam 2700/5000] U=+77.711
  [adam 2800/5000] U=+72.889
  [adam 2900/5000] U=+77.141
  [adam 3000/5000] U=+80.082
  [adam 3100/5000] U=+79.897
  [adam 3200/5000] U=+78.426
  [adam 3300/5000] U=+82.696
  [adam 3400/5000] U=+87.728
  [adam 3500/5000] U=+85.927
  [adam 3600/5000] U=+84.504
  [adam 3700/5000] U=+85.604
  [adam 3800/5000] U=+84.603
  [adam 3900/5000] U=+87.497
  [adam 4000/5000] U=+79.202
  [adam 4100/5000] U=+88.792
  [adam 4200/5000] U=+90.701
  [adam 4300/5000] U=+91.774
  [adam 4400/5000] U=+90.988
  [adam 4500/5000] U=+88.245
  [adam 4600/5000] U=+90.531
  [adam 4700/5000] U=+91.741
  [adam 4800/5000] U=+91.763
  [adam 4900/5000] U=+94.920
  [adam 5000/5000] U=+87.088
[adam] best U=+103.085
------------------------------------------------------------------------
[run] scheme=grid  ->  /n/holylfs05/LABS/arguelles_delgado_lab/Everyone/zdimitrov/detector_optimization_v6/test_v6_run_04_optimize_lbfgs_ensemble_grid
[lbfgs] refine 1/15  (src=grid)
  [lbfgs] refine 0 U=+69.599  (446 closure calls)
[lbfgs] refine 2/15  (src=grid)
  [lbfgs] refine 1 U=+75.324  (641 closure calls)
[lbfgs] refine 3/15  (src=grid)
  [lbfgs] refine 2 U=+79.994  (171 closure calls)
[lbfgs] refine 4/15  (src=grid)
  [lbfgs] refine 3 U=+76.557  (130 closure calls)
[lbfgs] refine 5/15  (src=grid)
  [lbfgs] refine 4 U=+100.444  (119 closure calls)
[lbfgs] refine 6/15  (src=grid)
  [lbfgs] refine 5 U=+77.338  (68 closure calls)
[lbfgs] refine 7/15  (src=grid)
  [lbfgs] refine 6 U=+78.034  (90 closure calls)
[lbfgs] refine 8/15  (src=grid)
  [lbfgs] refine 7 U=+56.496  (364 closure calls)
[lbfgs] refine 9/15  (src=grid)
  [lbfgs] refine 8 U=+75.384  (403 closure calls)
[lbfgs] refine 10/15  (src=grid)
  [lbfgs] refine 9 U=+67.294  (768 closure calls)
[lbfgs] refine 11/15  (src=grid)
  [lbfgs] refine 10 U=+97.528  (66 closure calls)
[lbfgs] refine 12/15  (src=grid)
  [lbfgs] refine 11 U=+81.681  (119 closure calls)
[lbfgs] refine 13/15  (src=grid)
  [lbfgs] refine 12 U=+95.370  (210 closure calls)
[lbfgs] refine 14/15  (src=grid)
  [lbfgs] refine 13 U=+69.818  (304 closure calls)
[lbfgs] refine 15/15  (src=grid)
  [lbfgs] refine 14 U=+74.388  (360 closure calls)
[ensemble] K=15  best U=+100.444 (run 4, src=grid)  mean σx=202.6m σy=150.2m
[plot] wrote /n/holylfs05/LABS/arguelles_delgado_lab/Everyone/zdimitrov/detector_optimization_v6/test_v6_run_04_optimize_lbfgs_ensemble_grid/optimize_curves.png
[plot] wrote /n/holylfs05/LABS/arguelles_delgado_lab/Everyone/zdimitrov/detector_optimization_v6/test_v6_run_04_optimize_lbfgs_ensemble_grid/utility_components.png
[plot] wrote /n/holylfs05/LABS/arguelles_delgado_lab/Everyone/zdimitrov/detector_optimization_v6/test_v6_run_04_optimize_lbfgs_ensemble_grid/layout_ensemble.png
[plot] wrote /n/holylfs05/LABS/arguelles_delgado_lab/Everyone/zdimitrov/detector_optimization_v6/test_v6_run_04_optimize_lbfgs_ensemble_grid/layout_density.png
[done] scheme=grid  best U=+100.444  σ̄=(202.6, 150.2) m  (/n/holylfs05/LABS/arguelles_delgado_lab/Everyone/zdimitrov/detector_optimization_v6/test_v6_run_04_optimize_lbfgs_ensemble_grid)

========================================================================
init scheme: center
========================================================================

[perturb→adam] scheme=center  chain 1/15
[adam] init center  N in [-2344.8, 2208.4]  Up in [2417.4, 3930.6]
  [adam    1/5000] U=+29.221
  [adam  100/5000] U=+39.304
  [adam  200/5000] U=+52.025
  [adam  300/5000] U=+45.055
  [adam  400/5000] U=+54.449
  [adam  500/5000] U=+55.653
  [adam  600/5000] U=+60.147
  [adam  700/5000] U=+60.755
  [adam  800/5000] U=+53.549
  [adam  900/5000] U=+62.477
  [adam 1000/5000] U=+65.800
  [adam 1100/5000] U=+58.348
  [adam 1200/5000] U=+71.628
  [adam 1300/5000] U=+55.214
  [adam 1400/5000] U=+57.649
  [adam 1500/5000] U=+64.956
  [adam 1600/5000] U=+68.585
  [adam 1700/5000] U=+66.786
  [adam 1800/5000] U=+77.587
  [adam 1900/5000] U=+75.164
  [adam 2000/5000] U=+70.401
  [adam 2100/5000] U=+79.216
  [adam 2200/5000] U=+77.428
  [adam 2300/5000] U=+72.844
  [adam 2400/5000] U=+80.694
  [adam 2500/5000] U=+79.513
  [adam 2600/5000] U=+78.545
  [adam 2700/5000] U=+75.507
  [adam 2800/5000] U=+86.360
  [adam 2900/5000] U=+76.807
  [adam 3000/5000] U=+82.152
  [adam 3100/5000] U=+84.849
  [adam 3200/5000] U=+78.501
  [adam 3300/5000] U=+91.593
  [adam 3400/5000] U=+76.887
  [adam 3500/5000] U=+81.841
  [adam 3600/5000] U=+77.175
  [adam 3700/5000] U=+76.975
  [adam 3800/5000] U=+74.987
  [adam 3900/5000] U=+78.791
  [adam 4000/5000] U=+80.078
  [adam 4100/5000] U=+83.780
  [adam 4200/5000] U=+90.172
  [adam 4300/5000] U=+85.683
  [adam 4400/5000] U=+84.306
  [adam 4500/5000] U=+88.590
  [adam 4600/5000] U=+88.889
  [adam 4700/5000] U=+84.170
  [adam 4800/5000] U=+82.195
  [adam 4900/5000] U=+86.393
  [adam 5000/5000] U=+82.101
[adam] best U=+97.465

[perturb→adam] scheme=center  chain 2/15
[adam] init center  N in [-2497.5, 2107.0]  Up in [2378.0, 3963.8]
  [adam    1/5000] U=+31.139
  [adam  100/5000] U=+55.175
  [adam  200/5000] U=+52.241
  [adam  300/5000] U=+53.841
  [adam  400/5000] U=+57.529
  [adam  500/5000] U=+61.957
  [adam  600/5000] U=+61.403
  [adam  700/5000] U=+61.795
  [adam  800/5000] U=+56.944
  [adam  900/5000] U=+75.942
  [adam 1000/5000] U=+71.430
  [adam 1100/5000] U=+67.098
  [adam 1200/5000] U=+66.835
  [adam 1300/5000] U=+76.619
  [adam 1400/5000] U=+74.724
  [adam 1500/5000] U=+77.285
  [adam 1600/5000] U=+81.667
  [adam 1700/5000] U=+77.284
  [adam 1800/5000] U=+71.391
  [adam 1900/5000] U=+84.019
  [adam 2000/5000] U=+84.563
  [adam 2100/5000] U=+83.136
  [adam 2200/5000] U=+86.010
  [adam 2300/5000] U=+86.022
  [adam 2400/5000] U=+81.496
  [adam 2500/5000] U=+89.373
  [adam 2600/5000] U=+86.811
  [adam 2700/5000] U=+85.017
  [adam 2800/5000] U=+85.533
  [adam 2900/5000] U=+89.268
  [adam 3000/5000] U=+90.813
  [adam 3100/5000] U=+85.505
  [adam 3200/5000] U=+87.438
  [adam 3300/5000] U=+88.217
  [adam 3400/5000] U=+89.622
  [adam 3500/5000] U=+88.525
  [adam 3600/5000] U=+72.250
  [adam 3700/5000] U=+94.364
  [adam 3800/5000] U=+92.953
  [adam 3900/5000] U=+90.112
  [adam 4000/5000] U=+91.991
  [adam 4100/5000] U=+101.548
  [adam 4200/5000] U=+99.828
  [adam 4300/5000] U=+94.812
  [adam 4400/5000] U=+89.915
  [adam 4500/5000] U=+100.040
  [adam 4600/5000] U=+90.974
  [adam 4700/5000] U=+94.503
  [adam 4800/5000] U=+95.479
  [adam 4900/5000] U=+92.566
  [adam 5000/5000] U=+94.378
[adam] best U=+106.046

[perturb→adam] scheme=center  chain 3/15
[adam] init center  N in [-1637.1, 2474.5]  Up in [2378.9, 3929.0]
  [adam    1/5000] U=+18.969
  [adam  100/5000] U=+44.174
  [adam  200/5000] U=+48.114
  [adam  300/5000] U=+46.571
  [adam  400/5000] U=+50.382
  [adam  500/5000] U=+53.799
  [adam  600/5000] U=+58.843
  [adam  700/5000] U=+50.303
  [adam  800/5000] U=+53.028
  [adam  900/5000] U=+57.338
  [adam 1000/5000] U=+66.696
  [adam 1100/5000] U=+63.718
  [adam 1200/5000] U=+61.673
  [adam 1300/5000] U=+60.819
  [adam 1400/5000] U=+59.596
  [adam 1500/5000] U=+60.465
  [adam 1600/5000] U=+65.101
  [adam 1700/5000] U=+70.101
  [adam 1800/5000] U=+61.264
  [adam 1900/5000] U=+68.445
  [adam 2000/5000] U=+67.192
  [adam 2100/5000] U=+71.589
  [adam 2200/5000] U=+67.240
  [adam 2300/5000] U=+68.582
  [adam 2400/5000] U=+72.482
  [adam 2500/5000] U=+72.070
  [adam 2600/5000] U=+65.793
  [adam 2700/5000] U=+66.840
  [adam 2800/5000] U=+67.450
  [adam 2900/5000] U=+62.571
  [adam 3000/5000] U=+64.928
  [adam 3100/5000] U=+65.933
  [adam 3200/5000] U=+68.669
  [adam 3300/5000] U=+72.733
  [adam 3400/5000] U=+69.409
  [adam 3500/5000] U=+68.898
  [adam 3600/5000] U=+71.796
  [adam 3700/5000] U=+68.574
  [adam 3800/5000] U=+62.506
  [adam 3900/5000] U=+73.492
  [adam 4000/5000] U=+74.671
  [adam 4100/5000] U=+67.288
  [adam 4200/5000] U=+76.374
  [adam 4300/5000] U=+69.933
  [adam 4400/5000] U=+75.930
  [adam 4500/5000] U=+76.429
  [adam 4600/5000] U=+72.523
  [adam 4700/5000] U=+76.271
  [adam 4800/5000] U=+73.109
  [adam 4900/5000] U=+73.428
  [adam 5000/5000] U=+73.331
[adam] best U=+85.919

[perturb→adam] scheme=center  chain 4/15
[adam] init center  N in [-2497.5, 2165.2]  Up in [2407.7, 3957.5]
  [adam    1/5000] U=+30.688
  [adam  100/5000] U=+42.135
  [adam  200/5000] U=+57.108
  [adam  300/5000] U=+53.757
  [adam  400/5000] U=+55.064
  [adam  500/5000] U=+58.796
  [adam  600/5000] U=+58.389
  [adam  700/5000] U=+66.249
  [adam  800/5000] U=+71.368
  [adam  900/5000] U=+61.934
  [adam 1000/5000] U=+72.083
  [adam 1100/5000] U=+71.335
  [adam 1200/5000] U=+75.224
  [adam 1300/5000] U=+69.893
  [adam 1400/5000] U=+70.314
  [adam 1500/5000] U=+80.222
  [adam 1600/5000] U=+81.780
  [adam 1700/5000] U=+79.972
  [adam 1800/5000] U=+77.370
  [adam 1900/5000] U=+86.544
  [adam 2000/5000] U=+82.235
  [adam 2100/5000] U=+84.941
  [adam 2200/5000] U=+87.824
  [adam 2300/5000] U=+84.662
  [adam 2400/5000] U=+86.706
  [adam 2500/5000] U=+88.116
  [adam 2600/5000] U=+88.799
  [adam 2700/5000] U=+94.557
  [adam 2800/5000] U=+89.476
  [adam 2900/5000] U=+93.017
  [adam 3000/5000] U=+92.642
  [adam 3100/5000] U=+94.790
  [adam 3200/5000] U=+96.734
  [adam 3300/5000] U=+96.840
  [adam 3400/5000] U=+100.084
  [adam 3500/5000] U=+99.658
  [adam 3600/5000] U=+99.828
  [adam 3700/5000] U=+93.088
  [adam 3800/5000] U=+99.385
  [adam 3900/5000] U=+101.297
  [adam 4000/5000] U=+95.650
  [adam 4100/5000] U=+98.880
  [adam 4200/5000] U=+96.591
  [adam 4300/5000] U=+99.049
  [adam 4400/5000] U=+104.632
  [adam 4500/5000] U=+103.377
  [adam 4600/5000] U=+97.619
  [adam 4700/5000] U=+98.058
  [adam 4800/5000] U=+100.939
  [adam 4900/5000] U=+107.411
  [adam 5000/5000] U=+90.864
[adam] best U=+114.540

[perturb→adam] scheme=center  chain 5/15
[adam] init center  N in [-2412.8, 2112.3]  Up in [2394.2, 3884.6]
  [adam    1/5000] U=+25.876
  [adam  100/5000] U=+33.597
  [adam  200/5000] U=+41.355
  [adam  300/5000] U=+41.719
  [adam  400/5000] U=+45.303
  [adam  500/5000] U=+51.230
  [adam  600/5000] U=+49.493
  [adam  700/5000] U=+51.676
  [adam  800/5000] U=+52.846
  [adam  900/5000] U=+51.908
  [adam 1000/5000] U=+51.874
  [adam 1100/5000] U=+50.416
  [adam 1200/5000] U=+54.948
  [adam 1300/5000] U=+46.193
  [adam 1400/5000] U=+60.531
  [adam 1500/5000] U=+58.830
  [adam 1600/5000] U=+63.668
  [adam 1700/5000] U=+66.010
  [adam 1800/5000] U=+64.639
  [adam 1900/5000] U=+66.849
  [adam 2000/5000] U=+55.519
  [adam 2100/5000] U=+65.738
  [adam 2200/5000] U=+73.450
  [adam 2300/5000] U=+63.815
  [adam 2400/5000] U=+60.699
  [adam 2500/5000] U=+69.158
  [adam 2600/5000] U=+67.319
  [adam 2700/5000] U=+68.555
  [adam 2800/5000] U=+72.547
  [adam 2900/5000] U=+63.406
  [adam 3000/5000] U=+62.782
  [adam 3100/5000] U=+69.256
  [adam 3200/5000] U=+68.009
  [adam 3300/5000] U=+74.987
  [adam 3400/5000] U=+65.113
  [adam 3500/5000] U=+72.268
  [adam 3600/5000] U=+77.452
  [adam 3700/5000] U=+71.979
  [adam 3800/5000] U=+68.538
  [adam 3900/5000] U=+74.665
  [adam 4000/5000] U=+80.807
  [adam 4100/5000] U=+76.429
  [adam 4200/5000] U=+70.930
  [adam 4300/5000] U=+73.933
  [adam 4400/5000] U=+70.784
  [adam 4500/5000] U=+75.173
  [adam 4600/5000] U=+73.594
  [adam 4700/5000] U=+78.886
  [adam 4800/5000] U=+75.572
  [adam 4900/5000] U=+70.188
  [adam 5000/5000] U=+74.121
[adam] best U=+89.775

[perturb→adam] scheme=center  chain 6/15
[adam] init center  N in [-2466.6, 2068.6]  Up in [2390.0, 3905.8]
  [adam    1/5000] U=+27.830
  [adam  100/5000] U=+40.582
  [adam  200/5000] U=+44.622
  [adam  300/5000] U=+50.667
  [adam  400/5000] U=+53.303
  [adam  500/5000] U=+51.221
  [adam  600/5000] U=+54.608
  [adam  700/5000] U=+66.362
  [adam  800/5000] U=+57.893
  [adam  900/5000] U=+57.365
  [adam 1000/5000] U=+56.316
  [adam 1100/5000] U=+64.923
  [adam 1200/5000] U=+65.341
  [adam 1300/5000] U=+62.630
  [adam 1400/5000] U=+65.999
  [adam 1500/5000] U=+61.626
  [adam 1600/5000] U=+66.218
  [adam 1700/5000] U=+69.518
  [adam 1800/5000] U=+60.629
  [adam 1900/5000] U=+66.181
  [adam 2000/5000] U=+66.886
  [adam 2100/5000] U=+69.675
  [adam 2200/5000] U=+69.420
  [adam 2300/5000] U=+67.131
  [adam 2400/5000] U=+70.029
  [adam 2500/5000] U=+60.628
  [adam 2600/5000] U=+66.319
  [adam 2700/5000] U=+71.615
  [adam 2800/5000] U=+72.369
  [adam 2900/5000] U=+62.650
  [adam 3000/5000] U=+67.774
  [adam 3100/5000] U=+60.486
  [adam 3200/5000] U=+73.122
  [adam 3300/5000] U=+64.994
  [adam 3400/5000] U=+66.968
  [adam 3500/5000] U=+70.147
  [adam 3600/5000] U=+69.141
  [adam 3700/5000] U=+71.928
  [adam 3800/5000] U=+74.342
  [adam 3900/5000] U=+75.409
  [adam 4000/5000] U=+81.088
  [adam 4100/5000] U=+69.096
  [adam 4200/5000] U=+66.200
  [adam 4300/5000] U=+76.198
  [adam 4400/5000] U=+70.847
  [adam 4500/5000] U=+69.669
  [adam 4600/5000] U=+69.058
  [adam 4700/5000] U=+80.444
  [adam 4800/5000] U=+77.360
  [adam 4900/5000] U=+78.055
  [adam 5000/5000] U=+80.891
[adam] best U=+86.565

[perturb→adam] scheme=center  chain 7/15
[adam] init center  N in [-1960.3, 2247.8]  Up in [2405.0, 3883.4]
  [adam    1/5000] U=+26.806
  [adam  100/5000] U=+52.612
  [adam  200/5000] U=+55.195
  [adam  300/5000] U=+63.759
  [adam  400/5000] U=+61.028
  [adam  500/5000] U=+63.656
  [adam  600/5000] U=+75.774
  [adam  700/5000] U=+67.258
  [adam  800/5000] U=+69.641
  [adam  900/5000] U=+77.327
  [adam 1000/5000] U=+76.618
  [adam 1100/5000] U=+83.474
  [adam 1200/5000] U=+78.127
  [adam 1300/5000] U=+77.021
  [adam 1400/5000] U=+73.587
  [adam 1500/5000] U=+82.132
  [adam 1600/5000] U=+75.237
  [adam 1700/5000] U=+82.118
  [adam 1800/5000] U=+80.525
  [adam 1900/5000] U=+83.686
  [adam 2000/5000] U=+82.939
  [adam 2100/5000] U=+81.060
  [adam 2200/5000] U=+76.998
  [adam 2300/5000] U=+78.600
  [adam 2400/5000] U=+90.783
  [adam 2500/5000] U=+84.199
  [adam 2600/5000] U=+89.380
  [adam 2700/5000] U=+86.480
  [adam 2800/5000] U=+88.588
  [adam 2900/5000] U=+81.549
  [adam 3000/5000] U=+83.761
  [adam 3100/5000] U=+87.968
  [adam 3200/5000] U=+85.582
  [adam 3300/5000] U=+79.067
  [adam 3400/5000] U=+79.323
  [adam 3500/5000] U=+87.603
  [adam 3600/5000] U=+76.725
  [adam 3700/5000] U=+81.446
  [adam 3800/5000] U=+81.030
  [adam 3900/5000] U=+78.595
  [adam 4000/5000] U=+81.582
  [adam 4100/5000] U=+86.219
  [adam 4200/5000] U=+83.048
  [adam 4300/5000] U=+82.061
  [adam 4400/5000] U=+91.406
  [adam 4500/5000] U=+92.719
  [adam 4600/5000] U=+89.208
  [adam 4700/5000] U=+86.300
  [adam 4800/5000] U=+88.422
  [adam 4900/5000] U=+91.496
  [adam 5000/5000] U=+79.570
[adam] best U=+98.987

[perturb→adam] scheme=center  chain 8/15
[adam] init center  N in [-1879.7, 1935.7]  Up in [2385.9, 3883.1]
  [adam    1/5000] U=+23.293
  [adam  100/5000] U=+23.904
  [adam  200/5000] U=+33.813
  [adam  300/5000] U=+37.413
  [adam  400/5000] U=+41.920
  [adam  500/5000] U=+51.122
  [adam  600/5000] U=+43.505
  [adam  700/5000] U=+50.059
  [adam  800/5000] U=+50.611
  [adam  900/5000] U=+52.476
  [adam 1000/5000] U=+46.943
  [adam 1100/5000] U=+47.282
  [adam 1200/5000] U=+49.889
  [adam 1300/5000] U=+50.490
  [adam 1400/5000] U=+54.379
  [adam 1500/5000] U=+48.620
  [adam 1600/5000] U=+49.609
  [adam 1700/5000] U=+49.015
  [adam 1800/5000] U=+50.478
  [adam 1900/5000] U=+53.723
  [adam 2000/5000] U=+56.552
  [adam 2100/5000] U=+57.363
  [adam 2200/5000] U=+53.777
  [adam 2300/5000] U=+58.578
  [adam 2400/5000] U=+56.817
  [adam 2500/5000] U=+61.699
  [adam 2600/5000] U=+54.664
  [adam 2700/5000] U=+66.688
  [adam 2800/5000] U=+69.602
  [adam 2900/5000] U=+69.730
  [adam 3000/5000] U=+65.437
  [adam 3100/5000] U=+66.360
  [adam 3200/5000] U=+75.635
  [adam 3300/5000] U=+73.650
  [adam 3400/5000] U=+66.904
  [adam 3500/5000] U=+62.669
  [adam 3600/5000] U=+64.884
  [adam 3700/5000] U=+76.397
  [adam 3800/5000] U=+66.298
  [adam 3900/5000] U=+65.646
  [adam 4000/5000] U=+77.278
  [adam 4100/5000] U=+71.834
  [adam 4200/5000] U=+66.490
  [adam 4300/5000] U=+67.544
  [adam 4400/5000] U=+61.554
  [adam 4500/5000] U=+69.404
  [adam 4600/5000] U=+73.316
  [adam 4700/5000] U=+66.754
  [adam 4800/5000] U=+66.049
  [adam 4900/5000] U=+71.206
  [adam 5000/5000] U=+70.517
[adam] best U=+83.265

[perturb→adam] scheme=center  chain 9/15
[adam] init center  N in [-2497.3, 1864.3]  Up in [2419.3, 3908.5]
  [adam    1/5000] U=+31.651
  [adam  100/5000] U=+59.066
  [adam  200/5000] U=+60.812
  [adam  300/5000] U=+56.807
  [adam  400/5000] U=+57.030
  [adam  500/5000] U=+63.509
  [adam  600/5000] U=+64.686
  [adam  700/5000] U=+55.463
  [adam  800/5000] U=+71.509
  [adam  900/5000] U=+68.514
  [adam 1000/5000] U=+62.703
  [adam 1100/5000] U=+67.631
  [adam 1200/5000] U=+64.636
  [adam 1300/5000] U=+70.791
  [adam 1400/5000] U=+71.531
  [adam 1500/5000] U=+72.580
  [adam 1600/5000] U=+73.838
  [adam 1700/5000] U=+66.529
  [adam 1800/5000] U=+69.640
  [adam 1900/5000] U=+62.568
  [adam 2000/5000] U=+71.417
  [adam 2100/5000] U=+76.398
  [adam 2200/5000] U=+75.538
  [adam 2300/5000] U=+72.941
  [adam 2400/5000] U=+73.815
  [adam 2500/5000] U=+78.990
  [adam 2600/5000] U=+71.997
  [adam 2700/5000] U=+71.987
  [adam 2800/5000] U=+80.700
  [adam 2900/5000] U=+77.991
  [adam 3000/5000] U=+81.276
  [adam 3100/5000] U=+82.683
  [adam 3200/5000] U=+77.472
  [adam 3300/5000] U=+79.999
  [adam 3400/5000] U=+76.790
  [adam 3500/5000] U=+78.193
  [adam 3600/5000] U=+67.218
  [adam 3700/5000] U=+81.213
  [adam 3800/5000] U=+76.748
  [adam 3900/5000] U=+74.877
  [adam 4000/5000] U=+79.683
  [adam 4100/5000] U=+80.105
  [adam 4200/5000] U=+85.000
  [adam 4300/5000] U=+79.347
  [adam 4400/5000] U=+88.016
  [adam 4500/5000] U=+77.879
  [adam 4600/5000] U=+80.773
  [adam 4700/5000] U=+88.892
  [adam 4800/5000] U=+89.219
  [adam 4900/5000] U=+86.134
  [adam 5000/5000] U=+79.796
[adam] best U=+98.680

[perturb→adam] scheme=center  chain 10/15
[adam] init center  N in [-2253.4, 2044.3]  Up in [2404.1, 3963.6]
  [adam    1/5000] U=+29.262
  [adam  100/5000] U=+42.613
  [adam  200/5000] U=+55.531
  [adam  300/5000] U=+56.110
  [adam  400/5000] U=+50.982
  [adam  500/5000] U=+60.343
  [adam  600/5000] U=+55.337
  [adam  700/5000] U=+63.868
  [adam  800/5000] U=+64.068
  [adam  900/5000] U=+65.818
  [adam 1000/5000] U=+67.837
  [adam 1100/5000] U=+63.948
  [adam 1200/5000] U=+67.808
  [adam 1300/5000] U=+65.011
  [adam 1400/5000] U=+76.978
  [adam 1500/5000] U=+67.476
  [adam 1600/5000] U=+67.137
  [adam 1700/5000] U=+65.940
  [adam 1800/5000] U=+62.549
  [adam 1900/5000] U=+68.512
  [adam 2000/5000] U=+62.530
  [adam 2100/5000] U=+71.017
  [adam 2200/5000] U=+71.325
  [adam 2300/5000] U=+68.927
  [adam 2400/5000] U=+71.578
  [adam 2500/5000] U=+78.773
  [adam 2600/5000] U=+71.437
  [adam 2700/5000] U=+70.335
  [adam 2800/5000] U=+78.097
  [adam 2900/5000] U=+74.534
  [adam 3000/5000] U=+80.707
  [adam 3100/5000] U=+78.626
  [adam 3200/5000] U=+77.062
  [adam 3300/5000] U=+68.878
  [adam 3400/5000] U=+81.038
  [adam 3500/5000] U=+81.373
  [adam 3600/5000] U=+83.915
  [adam 3700/5000] U=+81.508
  [adam 3800/5000] U=+81.656
  [adam 3900/5000] U=+67.279
  [adam 4000/5000] U=+69.506
  [adam 4100/5000] U=+88.704
  [adam 4200/5000] U=+85.291
  [adam 4300/5000] U=+80.536
  [adam 4400/5000] U=+82.838
  [adam 4500/5000] U=+77.357
  [adam 4600/5000] U=+87.108
  [adam 4700/5000] U=+84.196
  [adam 4800/5000] U=+83.900
  [adam 4900/5000] U=+83.178
  [adam 5000/5000] U=+84.302
[adam] best U=+95.737

[perturb→adam] scheme=center  chain 11/15
[adam] init center  N in [-1947.6, 1884.6]  Up in [2353.6, 3881.4]
  [adam    1/5000] U=+32.404
  [adam  100/5000] U=+53.651
  [adam  200/5000] U=+55.924
  [adam  300/5000] U=+64.515
  [adam  400/5000] U=+64.125
  [adam  500/5000] U=+58.337
  [adam  600/5000] U=+63.050
  [adam  700/5000] U=+71.814
  [adam  800/5000] U=+67.170
  [adam  900/5000] U=+74.685
  [adam 1000/5000] U=+72.342
  [adam 1100/5000] U=+55.439
  [adam 1200/5000] U=+64.176
  [adam 1300/5000] U=+64.477
  [adam 1400/5000] U=+71.531
  [adam 1500/5000] U=+67.665
  [adam 1600/5000] U=+70.033
  [adam 1700/5000] U=+62.001
  [adam 1800/5000] U=+71.506
  [adam 1900/5000] U=+77.628
  [adam 2000/5000] U=+71.249
  [adam 2100/5000] U=+80.145
  [adam 2200/5000] U=+77.583
  [adam 2300/5000] U=+66.140
  [adam 2400/5000] U=+76.449
  [adam 2500/5000] U=+77.266
  [adam 2600/5000] U=+78.943
  [adam 2700/5000] U=+77.980
  [adam 2800/5000] U=+73.637
  [adam 2900/5000] U=+84.573
  [adam 3000/5000] U=+84.436
  [adam 3100/5000] U=+78.644
  [adam 3200/5000] U=+75.057
  [adam 3300/5000] U=+75.246
  [adam 3400/5000] U=+82.927
  [adam 3500/5000] U=+66.495
  [adam 3600/5000] U=+82.758
  [adam 3700/5000] U=+81.991
  [adam 3800/5000] U=+87.463
  [adam 3900/5000] U=+88.922
  [adam 4000/5000] U=+94.801
  [adam 4100/5000] U=+82.141
  [adam 4200/5000] U=+83.875
  [adam 4300/5000] U=+95.672
  [adam 4400/5000] U=+87.528
  [adam 4500/5000] U=+86.146
  [adam 4600/5000] U=+88.766
  [adam 4700/5000] U=+89.156
  [adam 4800/5000] U=+84.146
  [adam 4900/5000] U=+94.297
  [adam 5000/5000] U=+89.064
[adam] best U=+100.932

[perturb→adam] scheme=center  chain 12/15
[adam] init center  N in [-2415.1, 2248.8]  Up in [2345.9, 3886.2]
  [adam    1/5000] U=+27.364
  [adam  100/5000] U=+36.866
  [adam  200/5000] U=+42.531
  [adam  300/5000] U=+37.224
  [adam  400/5000] U=+47.012
  [adam  500/5000] U=+42.732
  [adam  600/5000] U=+47.002
  [adam  700/5000] U=+45.664
  [adam  800/5000] U=+52.136
  [adam  900/5000] U=+60.151
  [adam 1000/5000] U=+60.462
  [adam 1100/5000] U=+51.208
  [adam 1200/5000] U=+64.950
  [adam 1300/5000] U=+66.743
  [adam 1400/5000] U=+69.064
  [adam 1500/5000] U=+66.078
  [adam 1600/5000] U=+66.230
  [adam 1700/5000] U=+66.690
  [adam 1800/5000] U=+63.726
  [adam 1900/5000] U=+68.385
  [adam 2000/5000] U=+70.856
  [adam 2100/5000] U=+66.960
  [adam 2200/5000] U=+69.036
  [adam 2300/5000] U=+73.704
  [adam 2400/5000] U=+65.194
  [adam 2500/5000] U=+69.401
  [adam 2600/5000] U=+74.710
  [adam 2700/5000] U=+74.512
  [adam 2800/5000] U=+66.632
  [adam 2900/5000] U=+71.621
  [adam 3000/5000] U=+71.628
  [adam 3100/5000] U=+73.758
  [adam 3200/5000] U=+67.739
  [adam 3300/5000] U=+73.424
  [adam 3400/5000] U=+65.754
  [adam 3500/5000] U=+72.702
  [adam 3600/5000] U=+74.516
  [adam 3700/5000] U=+80.884
  [adam 3800/5000] U=+76.923
  [adam 3900/5000] U=+76.605
  [adam 4000/5000] U=+72.619
  [adam 4100/5000] U=+80.041
  [adam 4200/5000] U=+81.929
  [adam 4300/5000] U=+77.967
  [adam 4400/5000] U=+76.784
  [adam 4500/5000] U=+75.820
  [adam 4600/5000] U=+73.819
  [adam 4700/5000] U=+82.948
  [adam 4800/5000] U=+73.436
  [adam 4900/5000] U=+74.111
  [adam 5000/5000] U=+74.155
[adam] best U=+89.669

[perturb→adam] scheme=center  chain 13/15
[adam] init center  N in [-2299.0, 2048.2]  Up in [2389.8, 3909.4]
  [adam    1/5000] U=+21.865
  [adam  100/5000] U=+37.721
  [adam  200/5000] U=+41.969
  [adam  300/5000] U=+49.348
  [adam  400/5000] U=+53.255
  [adam  500/5000] U=+53.516
  [adam  600/5000] U=+53.058
  [adam  700/5000] U=+62.675
  [adam  800/5000] U=+59.294
  [adam  900/5000] U=+63.958
  [adam 1000/5000] U=+60.761
  [adam 1100/5000] U=+66.741
  [adam 1200/5000] U=+66.948
  [adam 1300/5000] U=+74.815
  [adam 1400/5000] U=+77.329
  [adam 1500/5000] U=+76.471
  [adam 1600/5000] U=+72.232
  [adam 1700/5000] U=+79.221
  [adam 1800/5000] U=+78.121
  [adam 1900/5000] U=+77.593
  [adam 2000/5000] U=+81.314
  [adam 2100/5000] U=+84.516
  [adam 2200/5000] U=+79.561
  [adam 2300/5000] U=+83.067
  [adam 2400/5000] U=+79.899
  [adam 2500/5000] U=+86.102
  [adam 2600/5000] U=+87.610
  [adam 2700/5000] U=+78.444
  [adam 2800/5000] U=+84.717
  [adam 2900/5000] U=+91.957
  [adam 3000/5000] U=+76.009
  [adam 3100/5000] U=+82.963
  [adam 3200/5000] U=+79.497
  [adam 3300/5000] U=+88.331
  [adam 3400/5000] U=+91.044
  [adam 3500/5000] U=+94.755
  [adam 3600/5000] U=+95.435
  [adam 3700/5000] U=+92.611
  [adam 3800/5000] U=+90.334
  [adam 3900/5000] U=+91.284
  [adam 4000/5000] U=+86.728
  [adam 4100/5000] U=+91.816
  [adam 4200/5000] U=+97.016
  [adam 4300/5000] U=+89.436
  [adam 4400/5000] U=+86.865
  [adam 4500/5000] U=+93.682
  [adam 4600/5000] U=+92.833
  [adam 4700/5000] U=+91.636
  [adam 4800/5000] U=+92.743
  [adam 4900/5000] U=+91.360
  [adam 5000/5000] U=+99.366
[adam] best U=+104.309

[perturb→adam] scheme=center  chain 14/15
[adam] init center  N in [-2138.5, 2457.5]  Up in [2370.7, 3918.0]
  [adam    1/5000] U=+28.963
  [adam  100/5000] U=+42.628
  [adam  200/5000] U=+41.145
  [adam  300/5000] U=+51.901
  [adam  400/5000] U=+52.906
  [adam  500/5000] U=+63.515
  [adam  600/5000] U=+68.541
  [adam  700/5000] U=+65.910
  [adam  800/5000] U=+70.186
  [adam  900/5000] U=+78.483
  [adam 1000/5000] U=+73.607
  [adam 1100/5000] U=+71.369
  [adam 1200/5000] U=+70.916
  [adam 1300/5000] U=+75.358
  [adam 1400/5000] U=+76.848
  [adam 1500/5000] U=+77.968
  [adam 1600/5000] U=+73.876
  [adam 1700/5000] U=+75.358
  [adam 1800/5000] U=+70.593
  [adam 1900/5000] U=+78.533
  [adam 2000/5000] U=+74.805
  [adam 2100/5000] U=+74.264
  [adam 2200/5000] U=+80.395
  [adam 2300/5000] U=+70.808
  [adam 2400/5000] U=+67.140
  [adam 2500/5000] U=+82.533
  [adam 2600/5000] U=+82.316
  [adam 2700/5000] U=+83.723
  [adam 2800/5000] U=+85.482
  [adam 2900/5000] U=+88.193
  [adam 3000/5000] U=+84.247
  [adam 3100/5000] U=+84.276
  [adam 3200/5000] U=+88.736
  [adam 3300/5000] U=+81.738
  [adam 3400/5000] U=+84.158
  [adam 3500/5000] U=+88.586
  [adam 3600/5000] U=+82.783
  [adam 3700/5000] U=+86.394
  [adam 3800/5000] U=+85.415
  [adam 3900/5000] U=+82.438
  [adam 4000/5000] U=+79.789
  [adam 4100/5000] U=+84.352
  [adam 4200/5000] U=+82.620
  [adam 4300/5000] U=+83.587
  [adam 4400/5000] U=+98.396
  [adam 4500/5000] U=+83.654
  [adam 4600/5000] U=+86.673
  [adam 4700/5000] U=+83.242
  [adam 4800/5000] U=+92.387
  [adam 4900/5000] U=+91.180
  [adam 5000/5000] U=+93.397
[adam] best U=+99.860

[perturb→adam] scheme=center  chain 15/15
[adam] init center  N in [-2220.5, 1918.1]  Up in [2442.4, 3906.0]
  [adam    1/5000] U=+35.390
  [adam  100/5000] U=+53.649
  [adam  200/5000] U=+51.087
  [adam  300/5000] U=+57.753
  [adam  400/5000] U=+67.504
  [adam  500/5000] U=+61.776
  [adam  600/5000] U=+68.805
  [adam  700/5000] U=+68.230
  [adam  800/5000] U=+64.288
  [adam  900/5000] U=+71.538
  [adam 1000/5000] U=+74.017
  [adam 1100/5000] U=+80.565
  [adam 1200/5000] U=+73.591
  [adam 1300/5000] U=+78.511
  [adam 1400/5000] U=+71.665
  [adam 1500/5000] U=+70.404
  [adam 1600/5000] U=+78.534
  [adam 1700/5000] U=+82.564
  [adam 1800/5000] U=+81.451
  [adam 1900/5000] U=+76.974
  [adam 2000/5000] U=+83.745
  [adam 2100/5000] U=+81.561
  [adam 2200/5000] U=+75.228
  [adam 2300/5000] U=+81.913
  [adam 2400/5000] U=+77.460
  [adam 2500/5000] U=+85.772
  [adam 2600/5000] U=+83.066
  [adam 2700/5000] U=+84.786
  [adam 2800/5000] U=+85.196
  [adam 2900/5000] U=+75.184
  [adam 3000/5000] U=+88.138
  [adam 3100/5000] U=+83.051
  [adam 3200/5000] U=+86.133
  [adam 3300/5000] U=+94.211
  [adam 3400/5000] U=+89.489
  [adam 3500/5000] U=+82.976
  [adam 3600/5000] U=+80.452
  [adam 3700/5000] U=+84.287
  [adam 3800/5000] U=+87.657
  [adam 3900/5000] U=+84.152
  [adam 4000/5000] U=+79.997
  [adam 4100/5000] U=+87.189
  [adam 4200/5000] U=+90.011
  [adam 4300/5000] U=+90.857
  [adam 4400/5000] U=+88.702
  [adam 4500/5000] U=+86.925
  [adam 4600/5000] U=+79.716
  [adam 4700/5000] U=+89.696
  [adam 4800/5000] U=+91.391
  [adam 4900/5000] U=+83.546
  [adam 5000/5000] U=+82.234
[adam] best U=+107.257
------------------------------------------------------------------------
[run] scheme=center  ->  /n/holylfs05/LABS/arguelles_delgado_lab/Everyone/zdimitrov/detector_optimization_v6/test_v6_run_04_optimize_lbfgs_ensemble_center
[lbfgs] refine 1/15  (src=center)
  [lbfgs] refine 0 U=+68.506  (603 closure calls)
[lbfgs] refine 2/15  (src=center)
  [lbfgs] refine 1 U=+67.220  (140 closure calls)
[lbfgs] refine 3/15  (src=center)
  [lbfgs] refine 2 U=+58.851  (894 closure calls)
[lbfgs] refine 4/15  (src=center)
  [lbfgs] refine 3 U=+93.350  (122 closure calls)
[lbfgs] refine 5/15  (src=center)
  [lbfgs] refine 4 U=+68.815  (229 closure calls)
[lbfgs] refine 6/15  (src=center)
  [lbfgs] refine 5 U=+59.806  (756 closure calls)
[lbfgs] refine 7/15  (src=center)
  [lbfgs] refine 6 U=+72.734  (130 closure calls)
[lbfgs] refine 8/15  (src=center)
  [lbfgs] refine 7 U=+53.828  (194 closure calls)
[lbfgs] refine 9/15  (src=center)
  [lbfgs] non-finite loss after 322 closure calls — aborting step
  [lbfgs] refine 8 U=+24.358  (322 closure calls)
[lbfgs] refine 10/15  (src=center)
  [lbfgs] refine 9 U=+61.838  (395 closure calls)
[lbfgs] refine 11/15  (src=center)
  [lbfgs] refine 10 U=+76.686  (470 closure calls)
[lbfgs] refine 12/15  (src=center)
  [lbfgs] refine 11 U=+71.449  (326 closure calls)
[lbfgs] refine 13/15  (src=center)
  [lbfgs] refine 12 U=+80.429  (174 closure calls)
[lbfgs] refine 14/15  (src=center)
  [lbfgs] refine 13 U=+71.495  (554 closure calls)
[lbfgs] refine 15/15  (src=center)
  [lbfgs] refine 14 U=+80.583  (155 closure calls)
[ensemble] K=15  best U=+93.350 (run 3, src=center)  mean σx=411.7m σy=163.7m
[plot] wrote /n/holylfs05/LABS/arguelles_delgado_lab/Everyone/zdimitrov/detector_optimization_v6/test_v6_run_04_optimize_lbfgs_ensemble_center/optimize_curves.png
[plot] wrote /n/holylfs05/LABS/arguelles_delgado_lab/Everyone/zdimitrov/detector_optimization_v6/test_v6_run_04_optimize_lbfgs_ensemble_center/utility_components.png
[plot] wrote /n/holylfs05/LABS/arguelles_delgado_lab/Everyone/zdimitrov/detector_optimization_v6/test_v6_run_04_optimize_lbfgs_ensemble_center/layout_ensemble.png
[plot] wrote /n/holylfs05/LABS/arguelles_delgado_lab/Everyone/zdimitrov/detector_optimization_v6/test_v6_run_04_optimize_lbfgs_ensemble_center/layout_density.png
[done] scheme=center  best U=+93.350  σ̄=(411.7, 163.7) m  (/n/holylfs05/LABS/arguelles_delgado_lab/Everyone/zdimitrov/detector_optimization_v6/test_v6_run_04_optimize_lbfgs_ensemble_center)

========================================================================
init scheme: combined (sources=['grid', 'center'])
========================================================================
------------------------------------------------------------------------
[run] scheme=combined  (sources=['grid', 'center'])  ->  /n/holylfs05/LABS/arguelles_delgado_lab/Everyone/zdimitrov/detector_optimization_v6/test_v6_run_04_optimize_lbfgs_ensemble_combined
[lbfgs] refine 1/30  (src=grid)
  [lbfgs] refine 0 U=+69.599  (446 closure calls)
[lbfgs] refine 2/30  (src=grid)
  [lbfgs] refine 1 U=+75.324  (641 closure calls)
[lbfgs] refine 3/30  (src=grid)
  [lbfgs] refine 2 U=+79.994  (171 closure calls)
[lbfgs] refine 4/30  (src=grid)
  [lbfgs] refine 3 U=+76.557  (130 closure calls)
[lbfgs] refine 5/30  (src=grid)
  [lbfgs] refine 4 U=+100.444  (119 closure calls)
[lbfgs] refine 6/30  (src=grid)
  [lbfgs] refine 5 U=+77.338  (68 closure calls)
[lbfgs] refine 7/30  (src=grid)
  [lbfgs] refine 6 U=+78.034  (90 closure calls)
[lbfgs] refine 8/30  (src=grid)
  [lbfgs] refine 7 U=+56.496  (364 closure calls)
[lbfgs] refine 9/30  (src=grid)
  [lbfgs] refine 8 U=+75.384  (403 closure calls)
[lbfgs] refine 10/30  (src=grid)
  [lbfgs] refine 9 U=+67.294  (768 closure calls)
[lbfgs] refine 11/30  (src=grid)
  [lbfgs] refine 10 U=+97.528  (66 closure calls)
[lbfgs] refine 12/30  (src=grid)
  [lbfgs] refine 11 U=+81.681  (119 closure calls)
[lbfgs] refine 13/30  (src=grid)
  [lbfgs] refine 12 U=+95.370  (210 closure calls)
[lbfgs] refine 14/30  (src=grid)
  [lbfgs] refine 13 U=+69.818  (304 closure calls)
[lbfgs] refine 15/30  (src=grid)
  [lbfgs] refine 14 U=+74.388  (360 closure calls)
[lbfgs] refine 16/30  (src=center)
  [lbfgs] refine 15 U=+68.506  (603 closure calls)
[lbfgs] refine 17/30  (src=center)
  [lbfgs] refine 16 U=+67.220  (140 closure calls)
[lbfgs] refine 18/30  (src=center)
  [lbfgs] refine 17 U=+58.851  (894 closure calls)
[lbfgs] refine 19/30  (src=center)
  [lbfgs] refine 18 U=+93.350  (122 closure calls)
[lbfgs] refine 20/30  (src=center)
  [lbfgs] refine 19 U=+68.815  (229 closure calls)
[lbfgs] refine 21/30  (src=center)
  [lbfgs] refine 20 U=+59.806  (756 closure calls)
[lbfgs] refine 22/30  (src=center)
  [lbfgs] refine 21 U=+72.734  (130 closure calls)
[lbfgs] refine 23/30  (src=center)
  [lbfgs] refine 22 U=+53.828  (194 closure calls)
[lbfgs] refine 24/30  (src=center)
  [lbfgs] non-finite loss after 322 closure calls — aborting step
  [lbfgs] refine 23 U=+24.358  (322 closure calls)
[lbfgs] refine 25/30  (src=center)
  [lbfgs] refine 24 U=+61.838  (395 closure calls)
[lbfgs] refine 26/30  (src=center)
  [lbfgs] refine 25 U=+76.686  (470 closure calls)
[lbfgs] refine 27/30  (src=center)
  [lbfgs] refine 26 U=+71.449  (326 closure calls)
[lbfgs] refine 28/30  (src=center)
  [lbfgs] refine 27 U=+80.429  (174 closure calls)
[lbfgs] refine 29/30  (src=center)
  [lbfgs] refine 28 U=+71.495  (554 closure calls)
[lbfgs] refine 30/30  (src=center)
  [lbfgs] refine 29 U=+80.583  (155 closure calls)
[ensemble] K=30  best U=+100.444 (run 4, src=grid)  mean σx=401.1m σy=166.1m
[plot] wrote /n/holylfs05/LABS/arguelles_delgado_lab/Everyone/zdimitrov/detector_optimization_v6/test_v6_run_04_optimize_lbfgs_ensemble_combined/optimize_curves.png
[plot] wrote /n/holylfs05/LABS/arguelles_delgado_lab/Everyone/zdimitrov/detector_optimization_v6/test_v6_run_04_optimize_lbfgs_ensemble_combined/utility_components.png
[plot] wrote /n/holylfs05/LABS/arguelles_delgado_lab/Everyone/zdimitrov/detector_optimization_v6/test_v6_run_04_optimize_lbfgs_ensemble_combined/layout_ensemble.png
[plot] wrote /n/holylfs05/LABS/arguelles_delgado_lab/Everyone/zdimitrov/detector_optimization_v6/test_v6_run_04_optimize_lbfgs_ensemble_combined/layout_density.png
[done] scheme=combined  best U=+100.444  σ̄=(401.1, 166.1) m  (/n/holylfs05/LABS/arguelles_delgado_lab/Everyone/zdimitrov/detector_optimization_v6/test_v6_run_04_optimize_lbfgs_ensemble_combined)

========================================================================
summary
========================================================================
  grid        best U=+100.444  σ̄=(202.6, 150.2) m  ->  /n/holylfs05/LABS/arguelles_delgado_lab/Everyone/zdimitrov/detector_optimization_v6/test_v6_run_04_optimize_lbfgs_ensemble_grid
  center      best U=+93.350  σ̄=(411.7, 163.7) m  ->  /n/holylfs05/LABS/arguelles_delgado_lab/Everyone/zdimitrov/detector_optimization_v6/test_v6_run_04_optimize_lbfgs_ensemble_center
  combined    best U=+100.444  σ̄=(401.1, 166.1) m  ->  /n/holylfs05/LABS/arguelles_delgado_lab/Everyone/zdimitrov/detector_optimization_v6/test_v6_run_04_optimize_lbfgs_ensemble_combined
